{"/Users/kgabinete/coding/free-code-camp/timestamp-app/api/dateAndTimestamp.js": {"path":"/Users/kgabinete/coding/free-code-camp/timestamp-app/api/dateAndTimestamp.js","statementMap":{"0":{"start":{"line":1,"column":28},"end":{"line":23,"column":1}},"1":{"start":{"line":2,"column":15},"end":{"line":2,"column":30}},"2":{"start":{"line":3,"column":17},"end":{"line":3,"column":18}},"3":{"start":{"line":4,"column":20},"end":{"line":4,"column":22}},"4":{"start":{"line":7,"column":2},"end":{"line":16,"column":3}},"5":{"start":{"line":8,"column":4},"end":{"line":8,"column":31}},"6":{"start":{"line":9,"column":20},"end":{"line":9,"column":45}},"7":{"start":{"line":10,"column":4},"end":{"line":10,"column":38}},"8":{"start":{"line":11,"column":9},"end":{"line":16,"column":3}},"9":{"start":{"line":12,"column":4},"end":{"line":12,"column":16}},"10":{"start":{"line":14,"column":4},"end":{"line":14,"column":37}},"11":{"start":{"line":15,"column":4},"end":{"line":15,"column":35}},"12":{"start":{"line":18,"column":18},"end":{"line":21,"column":3}},"13":{"start":{"line":22,"column":2},"end":{"line":22,"column":17}},"14":{"start":{"line":25,"column":19},"end":{"line":31,"column":1}},"15":{"start":{"line":26,"column":17},"end":{"line":26,"column":138}},"16":{"start":{"line":27,"column":15},"end":{"line":27,"column":36}},"17":{"start":{"line":28,"column":16},"end":{"line":28,"column":42}},"18":{"start":{"line":29,"column":15},"end":{"line":29,"column":32}},"19":{"start":{"line":30,"column":2},"end":{"line":30,"column":37}},"20":{"start":{"line":33,"column":0},"end":{"line":33,"column":57}}},"fnMap":{"0":{"name":"(anonymous_0)","decl":{"start":{"line":1,"column":28},"end":{"line":1,"column":29}},"loc":{"start":{"line":1,"column":39},"end":{"line":23,"column":1}},"line":1},"1":{"name":"(anonymous_1)","decl":{"start":{"line":25,"column":19},"end":{"line":25,"column":20}},"loc":{"start":{"line":25,"column":32},"end":{"line":31,"column":1}},"line":25}},"branchMap":{"0":{"loc":{"start":{"line":7,"column":2},"end":{"line":16,"column":3}},"type":"if","locations":[{"start":{"line":7,"column":2},"end":{"line":16,"column":3}},{"start":{"line":7,"column":2},"end":{"line":16,"column":3}}],"line":7},"1":{"loc":{"start":{"line":11,"column":9},"end":{"line":16,"column":3}},"type":"if","locations":[{"start":{"line":11,"column":9},"end":{"line":16,"column":3}},{"start":{"line":11,"column":9},"end":{"line":16,"column":3}}],"line":11}},"s":{"0":1,"1":3,"2":3,"3":3,"4":3,"5":1,"6":1,"7":1,"8":2,"9":1,"10":1,"11":1,"12":2,"13":2,"14":1,"15":2,"16":2,"17":2,"18":2,"19":2,"20":1},"f":{"0":3,"1":2},"b":{"0":[1,2],"1":[1,1]},"_coverageSchema":"332fd63041d2c1bcb487cc26dd0d5f7d97098a6c","hash":"b45de23ff2fbf89af68916fe4c8aa138bcc9d74d"}
}
